Setting `pad_token_id` to `eos_token_id`:50256 for open-end generation.
Setting `pad_token_id` to `eos_token_id`:50256 for open-end generation.
Setting `pad_token_id` to `eos_token_id`:50256 for open-end generation.
Setting `pad_token_id` to `eos_token_id`:50256 for open-end generation.
Setting `pad_token_id` to `eos_token_id`:50256 for open-end generation.
Token indices sequence length is longer than the specified maximum sequence length for this model (1325 > 1024). Running this sequence through the model will result in indexing errors
Setting `pad_token_id` to `eos_token_id`:50256 for open-end generation.
Setting `pad_token_id` to `eos_token_id`:50256 for open-end generation.
Setting `pad_token_id` to `eos_token_id`:50256 for open-end generation.
Setting `pad_token_id` to `eos_token_id`:50256 for open-end generation.
Setting `pad_token_id` to `eos_token_id`:50256 for open-end generation.
/jet/home/palavall/.conda/envs/mpalaval-research/lib/python3.10/site-packages/transformers/pipelines/base.py:1101: UserWarning: You seem to be using the pipelines sequentially on GPU. In order to maximize efficiency please use a dataset
  warnings.warn(
Setting `pad_token_id` to `eos_token_id`:50256 for open-end generation.
Setting `pad_token_id` to `eos_token_id`:50256 for open-end generation.
Setting `pad_token_id` to `eos_token_id`:50256 for open-end generation.
Setting `pad_token_id` to `eos_token_id`:50256 for open-end generation.
Setting `pad_token_id` to `eos_token_id`:50256 for open-end generation.
Setting `pad_token_id` to `eos_token_id`:50256 for open-end generation.
Setting `pad_token_id` to `eos_token_id`:50256 for open-end generation.
Setting `pad_token_id` to `eos_token_id`:50256 for open-end generation.
Setting `pad_token_id` to `eos_token_id`:50256 for open-end generation.
Setting `pad_token_id` to `eos_token_id`:50256 for open-end generation.
Setting `pad_token_id` to `eos_token_id`:50256 for open-end generation.
Setting `pad_token_id` to `eos_token_id`:50256 for open-end generation.
Setting `pad_token_id` to `eos_token_id`:50256 for open-end generation.
Setting `pad_token_id` to `eos_token_id`:50256 for open-end generation.
Setting `pad_token_id` to `eos_token_id`:50256 for open-end generation.
Setting `pad_token_id` to `eos_token_id`:50256 for open-end generation.
Setting `pad_token_id` to `eos_token_id`:50256 for open-end generation.
Setting `pad_token_id` to `eos_token_id`:50256 for open-end generation.
Setting `pad_token_id` to `eos_token_id`:50256 for open-end generation.
Setting `pad_token_id` to `eos_token_id`:50256 for open-end generation.
Setting `pad_token_id` to `eos_token_id`:50256 for open-end generation.
Setting `pad_token_id` to `eos_token_id`:50256 for open-end generation.
Setting `pad_token_id` to `eos_token_id`:50256 for open-end generation.
Setting `pad_token_id` to `eos_token_id`:50256 for open-end generation.
Setting `pad_token_id` to `eos_token_id`:50256 for open-end generation.
Setting `pad_token_id` to `eos_token_id`:50256 for open-end generation.
Setting `pad_token_id` to `eos_token_id`:50256 for open-end generation.
Setting `pad_token_id` to `eos_token_id`:50256 for open-end generation.
Setting `pad_token_id` to `eos_token_id`:50256 for open-end generation.
Setting `pad_token_id` to `eos_token_id`:50256 for open-end generation.
Setting `pad_token_id` to `eos_token_id`:50256 for open-end generation.
Setting `pad_token_id` to `eos_token_id`:50256 for open-end generation.
Setting `pad_token_id` to `eos_token_id`:50256 for open-end generation.
Setting `pad_token_id` to `eos_token_id`:50256 for open-end generation.
Setting `pad_token_id` to `eos_token_id`:50256 for open-end generation.
Setting `pad_token_id` to `eos_token_id`:50256 for open-end generation.
Setting `pad_token_id` to `eos_token_id`:50256 for open-end generation.
Setting `pad_token_id` to `eos_token_id`:50256 for open-end generation.
Setting `pad_token_id` to `eos_token_id`:50256 for open-end generation.
Setting `pad_token_id` to `eos_token_id`:50256 for open-end generation.
Setting `pad_token_id` to `eos_token_id`:50256 for open-end generation.
Setting `pad_token_id` to `eos_token_id`:50256 for open-end generation.
Setting `pad_token_id` to `eos_token_id`:50256 for open-end generation.
Setting `pad_token_id` to `eos_token_id`:50256 for open-end generation.
Setting `pad_token_id` to `eos_token_id`:50256 for open-end generation.
Setting `pad_token_id` to `eos_token_id`:50256 for open-end generation.
Setting `pad_token_id` to `eos_token_id`:50256 for open-end generation.
Setting `pad_token_id` to `eos_token_id`:50256 for open-end generation.
Setting `pad_token_id` to `eos_token_id`:50256 for open-end generation.
Setting `pad_token_id` to `eos_token_id`:50256 for open-end generation.
Setting `pad_token_id` to `eos_token_id`:50256 for open-end generation.
Setting `pad_token_id` to `eos_token_id`:50256 for open-end generation.
Setting `pad_token_id` to `eos_token_id`:50256 for open-end generation.
Setting `pad_token_id` to `eos_token_id`:50256 for open-end generation.
Setting `pad_token_id` to `eos_token_id`:50256 for open-end generation.
Setting `pad_token_id` to `eos_token_id`:50256 for open-end generation.
This is a friendly reminder - the current text generation call will exceed the model's predefined maximum length (2048). Depending on the model, you may observe exceptions, performance degradation, or nothing at all.
Setting `pad_token_id` to `eos_token_id`:50256 for open-end generation.
Setting `pad_token_id` to `eos_token_id`:50256 for open-end generation.
Setting `pad_token_id` to `eos_token_id`:50256 for open-end generation.
Setting `pad_token_id` to `eos_token_id`:50256 for open-end generation.
Setting `pad_token_id` to `eos_token_id`:50256 for open-end generation.
Setting `pad_token_id` to `eos_token_id`:50256 for open-end generation.
Setting `pad_token_id` to `eos_token_id`:50256 for open-end generation.
Setting `pad_token_id` to `eos_token_id`:50256 for open-end generation.
Setting `pad_token_id` to `eos_token_id`:50256 for open-end generation.
Setting `pad_token_id` to `eos_token_id`:50256 for open-end generation.
Setting `pad_token_id` to `eos_token_id`:50256 for open-end generation.
Setting `pad_token_id` to `eos_token_id`:50256 for open-end generation.
Setting `pad_token_id` to `eos_token_id`:50256 for open-end generation.
Setting `pad_token_id` to `eos_token_id`:50256 for open-end generation.
Setting `pad_token_id` to `eos_token_id`:50256 for open-end generation.
Setting `pad_token_id` to `eos_token_id`:50256 for open-end generation.
Setting `pad_token_id` to `eos_token_id`:50256 for open-end generation.
Setting `pad_token_id` to `eos_token_id`:50256 for open-end generation.
Setting `pad_token_id` to `eos_token_id`:50256 for open-end generation.
Setting `pad_token_id` to `eos_token_id`:50256 for open-end generation.
Setting `pad_token_id` to `eos_token_id`:50256 for open-end generation.
Setting `pad_token_id` to `eos_token_id`:50256 for open-end generation.
Setting `pad_token_id` to `eos_token_id`:50256 for open-end generation.
Setting `pad_token_id` to `eos_token_id`:50256 for open-end generation.
Setting `pad_token_id` to `eos_token_id`:50256 for open-end generation.
Setting `pad_token_id` to `eos_token_id`:50256 for open-end generation.
Setting `pad_token_id` to `eos_token_id`:50256 for open-end generation.
Setting `pad_token_id` to `eos_token_id`:50256 for open-end generation.
Setting `pad_token_id` to `eos_token_id`:50256 for open-end generation.
Setting `pad_token_id` to `eos_token_id`:50256 for open-end generation.
Setting `pad_token_id` to `eos_token_id`:50256 for open-end generation.
Setting `pad_token_id` to `eos_token_id`:50256 for open-end generation.
Setting `pad_token_id` to `eos_token_id`:50256 for open-end generation.
Setting `pad_token_id` to `eos_token_id`:50256 for open-end generation.
Setting `pad_token_id` to `eos_token_id`:50256 for open-end generation.
Setting `pad_token_id` to `eos_token_id`:50256 for open-end generation.
Setting `pad_token_id` to `eos_token_id`:50256 for open-end generation.
Setting `pad_token_id` to `eos_token_id`:50256 for open-end generation.
Setting `pad_token_id` to `eos_token_id`:50256 for open-end generation.
Setting `pad_token_id` to `eos_token_id`:50256 for open-end generation.
Setting `pad_token_id` to `eos_token_id`:50256 for open-end generation.
Setting `pad_token_id` to `eos_token_id`:50256 for open-end generation.
Setting `pad_token_id` to `eos_token_id`:50256 for open-end generation.
Setting `pad_token_id` to `eos_token_id`:50256 for open-end generation.
Setting `pad_token_id` to `eos_token_id`:50256 for open-end generation.
Setting `pad_token_id` to `eos_token_id`:50256 for open-end generation.
Setting `pad_token_id` to `eos_token_id`:50256 for open-end generation.
Setting `pad_token_id` to `eos_token_id`:50256 for open-end generation.
Setting `pad_token_id` to `eos_token_id`:50256 for open-end generation.
Setting `pad_token_id` to `eos_token_id`:50256 for open-end generation.
Setting `pad_token_id` to `eos_token_id`:50256 for open-end generation.
Setting `pad_token_id` to `eos_token_id`:50256 for open-end generation.
Setting `pad_token_id` to `eos_token_id`:50256 for open-end generation.
Setting `pad_token_id` to `eos_token_id`:50256 for open-end generation.
Setting `pad_token_id` to `eos_token_id`:50256 for open-end generation.
Setting `pad_token_id` to `eos_token_id`:50256 for open-end generation.
Setting `pad_token_id` to `eos_token_id`:50256 for open-end generation.
Setting `pad_token_id` to `eos_token_id`:50256 for open-end generation.
Setting `pad_token_id` to `eos_token_id`:50256 for open-end generation.
Setting `pad_token_id` to `eos_token_id`:50256 for open-end generation.
Setting `pad_token_id` to `eos_token_id`:50256 for open-end generation.
Setting `pad_token_id` to `eos_token_id`:50256 for open-end generation.
Setting `pad_token_id` to `eos_token_id`:50256 for open-end generation.
Setting `pad_token_id` to `eos_token_id`:50256 for open-end generation.
Setting `pad_token_id` to `eos_token_id`:50256 for open-end generation.
Setting `pad_token_id` to `eos_token_id`:50256 for open-end generation.
Setting `pad_token_id` to `eos_token_id`:50256 for open-end generation.
Setting `pad_token_id` to `eos_token_id`:50256 for open-end generation.
Setting `pad_token_id` to `eos_token_id`:50256 for open-end generation.
Setting `pad_token_id` to `eos_token_id`:50256 for open-end generation.
Setting `pad_token_id` to `eos_token_id`:50256 for open-end generation.
Setting `pad_token_id` to `eos_token_id`:50256 for open-end generation.
Setting `pad_token_id` to `eos_token_id`:50256 for open-end generation.
Setting `pad_token_id` to `eos_token_id`:50256 for open-end generation.
Setting `pad_token_id` to `eos_token_id`:50256 for open-end generation.
Setting `pad_token_id` to `eos_token_id`:50256 for open-end generation.
Setting `pad_token_id` to `eos_token_id`:50256 for open-end generation.
Setting `pad_token_id` to `eos_token_id`:50256 for open-end generation.
Setting `pad_token_id` to `eos_token_id`:50256 for open-end generation.
Setting `pad_token_id` to `eos_token_id`:50256 for open-end generation.
Setting `pad_token_id` to `eos_token_id`:50256 for open-end generation.
Setting `pad_token_id` to `eos_token_id`:50256 for open-end generation.
Setting `pad_token_id` to `eos_token_id`:50256 for open-end generation.
Setting `pad_token_id` to `eos_token_id`:50256 for open-end generation.
Setting `pad_token_id` to `eos_token_id`:50256 for open-end generation.
Setting `pad_token_id` to `eos_token_id`:50256 for open-end generation.
Setting `pad_token_id` to `eos_token_id`:50256 for open-end generation.
Setting `pad_token_id` to `eos_token_id`:50256 for open-end generation.
Setting `pad_token_id` to `eos_token_id`:50256 for open-end generation.
Setting `pad_token_id` to `eos_token_id`:50256 for open-end generation.
Setting `pad_token_id` to `eos_token_id`:50256 for open-end generation.
Setting `pad_token_id` to `eos_token_id`:50256 for open-end generation.
Setting `pad_token_id` to `eos_token_id`:50256 for open-end generation.
Setting `pad_token_id` to `eos_token_id`:50256 for open-end generation.
Setting `pad_token_id` to `eos_token_id`:50256 for open-end generation.
Setting `pad_token_id` to `eos_token_id`:50256 for open-end generation.
Setting `pad_token_id` to `eos_token_id`:50256 for open-end generation.
Setting `pad_token_id` to `eos_token_id`:50256 for open-end generation.
Setting `pad_token_id` to `eos_token_id`:50256 for open-end generation.
Setting `pad_token_id` to `eos_token_id`:50256 for open-end generation.
Setting `pad_token_id` to `eos_token_id`:50256 for open-end generation.
Setting `pad_token_id` to `eos_token_id`:50256 for open-end generation.
Setting `pad_token_id` to `eos_token_id`:50256 for open-end generation.
Setting `pad_token_id` to `eos_token_id`:50256 for open-end generation.
Setting `pad_token_id` to `eos_token_id`:50256 for open-end generation.
Setting `pad_token_id` to `eos_token_id`:50256 for open-end generation.
Setting `pad_token_id` to `eos_token_id`:50256 for open-end generation.
Setting `pad_token_id` to `eos_token_id`:50256 for open-end generation.
Setting `pad_token_id` to `eos_token_id`:50256 for open-end generation.
Setting `pad_token_id` to `eos_token_id`:50256 for open-end generation.
Setting `pad_token_id` to `eos_token_id`:50256 for open-end generation.
Setting `pad_token_id` to `eos_token_id`:50256 for open-end generation.
Setting `pad_token_id` to `eos_token_id`:50256 for open-end generation.
Setting `pad_token_id` to `eos_token_id`:50256 for open-end generation.
Setting `pad_token_id` to `eos_token_id`:50256 for open-end generation.
Setting `pad_token_id` to `eos_token_id`:50256 for open-end generation.
Setting `pad_token_id` to `eos_token_id`:50256 for open-end generation.
Setting `pad_token_id` to `eos_token_id`:50256 for open-end generation.
Setting `pad_token_id` to `eos_token_id`:50256 for open-end generation.
Setting `pad_token_id` to `eos_token_id`:50256 for open-end generation.
Setting `pad_token_id` to `eos_token_id`:50256 for open-end generation.
Setting `pad_token_id` to `eos_token_id`:50256 for open-end generation.
Setting `pad_token_id` to `eos_token_id`:50256 for open-end generation.
Setting `pad_token_id` to `eos_token_id`:50256 for open-end generation.
Setting `pad_token_id` to `eos_token_id`:50256 for open-end generation.
Setting `pad_token_id` to `eos_token_id`:50256 for open-end generation.
Setting `pad_token_id` to `eos_token_id`:50256 for open-end generation.
Setting `pad_token_id` to `eos_token_id`:50256 for open-end generation.
Setting `pad_token_id` to `eos_token_id`:50256 for open-end generation.
Setting `pad_token_id` to `eos_token_id`:50256 for open-end generation.
Setting `pad_token_id` to `eos_token_id`:50256 for open-end generation.
Setting `pad_token_id` to `eos_token_id`:50256 for open-end generation.
Setting `pad_token_id` to `eos_token_id`:50256 for open-end generation.
Setting `pad_token_id` to `eos_token_id`:50256 for open-end generation.
Setting `pad_token_id` to `eos_token_id`:50256 for open-end generation.
Setting `pad_token_id` to `eos_token_id`:50256 for open-end generation.
Setting `pad_token_id` to `eos_token_id`:50256 for open-end generation.
Setting `pad_token_id` to `eos_token_id`:50256 for open-end generation.
Setting `pad_token_id` to `eos_token_id`:50256 for open-end generation.
Setting `pad_token_id` to `eos_token_id`:50256 for open-end generation.
Setting `pad_token_id` to `eos_token_id`:50256 for open-end generation.
Setting `pad_token_id` to `eos_token_id`:50256 for open-end generation.
Setting `pad_token_id` to `eos_token_id`:50256 for open-end generation.
Setting `pad_token_id` to `eos_token_id`:50256 for open-end generation.
Setting `pad_token_id` to `eos_token_id`:50256 for open-end generation.
Setting `pad_token_id` to `eos_token_id`:50256 for open-end generation.
Setting `pad_token_id` to `eos_token_id`:50256 for open-end generation.
Setting `pad_token_id` to `eos_token_id`:50256 for open-end generation.
Setting `pad_token_id` to `eos_token_id`:50256 for open-end generation.
Setting `pad_token_id` to `eos_token_id`:50256 for open-end generation.
Setting `pad_token_id` to `eos_token_id`:50256 for open-end generation.
Setting `pad_token_id` to `eos_token_id`:50256 for open-end generation.
Setting `pad_token_id` to `eos_token_id`:50256 for open-end generation.
Setting `pad_token_id` to `eos_token_id`:50256 for open-end generation.
Setting `pad_token_id` to `eos_token_id`:50256 for open-end generation.
Setting `pad_token_id` to `eos_token_id`:50256 for open-end generation.
Setting `pad_token_id` to `eos_token_id`:50256 for open-end generation.
Setting `pad_token_id` to `eos_token_id`:50256 for open-end generation.
Setting `pad_token_id` to `eos_token_id`:50256 for open-end generation.
Setting `pad_token_id` to `eos_token_id`:50256 for open-end generation.
Setting `pad_token_id` to `eos_token_id`:50256 for open-end generation.
Setting `pad_token_id` to `eos_token_id`:50256 for open-end generation.
Setting `pad_token_id` to `eos_token_id`:50256 for open-end generation.
Setting `pad_token_id` to `eos_token_id`:50256 for open-end generation.
Setting `pad_token_id` to `eos_token_id`:50256 for open-end generation.
Setting `pad_token_id` to `eos_token_id`:50256 for open-end generation.
Setting `pad_token_id` to `eos_token_id`:50256 for open-end generation.
Setting `pad_token_id` to `eos_token_id`:50256 for open-end generation.
Setting `pad_token_id` to `eos_token_id`:50256 for open-end generation.
Setting `pad_token_id` to `eos_token_id`:50256 for open-end generation.
Setting `pad_token_id` to `eos_token_id`:50256 for open-end generation.
Setting `pad_token_id` to `eos_token_id`:50256 for open-end generation.
Setting `pad_token_id` to `eos_token_id`:50256 for open-end generation.
Setting `pad_token_id` to `eos_token_id`:50256 for open-end generation.
Setting `pad_token_id` to `eos_token_id`:50256 for open-end generation.
Setting `pad_token_id` to `eos_token_id`:50256 for open-end generation.
Setting `pad_token_id` to `eos_token_id`:50256 for open-end generation.
Setting `pad_token_id` to `eos_token_id`:50256 for open-end generation.
Setting `pad_token_id` to `eos_token_id`:50256 for open-end generation.
Setting `pad_token_id` to `eos_token_id`:50256 for open-end generation.
Setting `pad_token_id` to `eos_token_id`:50256 for open-end generation.
Setting `pad_token_id` to `eos_token_id`:50256 for open-end generation.
Setting `pad_token_id` to `eos_token_id`:50256 for open-end generation.
Setting `pad_token_id` to `eos_token_id`:50256 for open-end generation.
Setting `pad_token_id` to `eos_token_id`:50256 for open-end generation.
Setting `pad_token_id` to `eos_token_id`:50256 for open-end generation.
Setting `pad_token_id` to `eos_token_id`:50256 for open-end generation.
Setting `pad_token_id` to `eos_token_id`:50256 for open-end generation.
Setting `pad_token_id` to `eos_token_id`:50256 for open-end generation.
Setting `pad_token_id` to `eos_token_id`:50256 for open-end generation.
Setting `pad_token_id` to `eos_token_id`:50256 for open-end generation.
Setting `pad_token_id` to `eos_token_id`:50256 for open-end generation.
Setting `pad_token_id` to `eos_token_id`:50256 for open-end generation.
Setting `pad_token_id` to `eos_token_id`:50256 for open-end generation.
Setting `pad_token_id` to `eos_token_id`:50256 for open-end generation.
Setting `pad_token_id` to `eos_token_id`:50256 for open-end generation.
Setting `pad_token_id` to `eos_token_id`:50256 for open-end generation.
Setting `pad_token_id` to `eos_token_id`:50256 for open-end generation.
Setting `pad_token_id` to `eos_token_id`:50256 for open-end generation.
Setting `pad_token_id` to `eos_token_id`:50256 for open-end generation.
Setting `pad_token_id` to `eos_token_id`:50256 for open-end generation.
Setting `pad_token_id` to `eos_token_id`:50256 for open-end generation.
Setting `pad_token_id` to `eos_token_id`:50256 for open-end generation.
Setting `pad_token_id` to `eos_token_id`:50256 for open-end generation.
Setting `pad_token_id` to `eos_token_id`:50256 for open-end generation.
Setting `pad_token_id` to `eos_token_id`:50256 for open-end generation.
Setting `pad_token_id` to `eos_token_id`:50256 for open-end generation.
Setting `pad_token_id` to `eos_token_id`:50256 for open-end generation.
Setting `pad_token_id` to `eos_token_id`:50256 for open-end generation.
Setting `pad_token_id` to `eos_token_id`:50256 for open-end generation.
Setting `pad_token_id` to `eos_token_id`:50256 for open-end generation.
Setting `pad_token_id` to `eos_token_id`:50256 for open-end generation.
Setting `pad_token_id` to `eos_token_id`:50256 for open-end generation.
Setting `pad_token_id` to `eos_token_id`:50256 for open-end generation.
Setting `pad_token_id` to `eos_token_id`:50256 for open-end generation.
Setting `pad_token_id` to `eos_token_id`:50256 for open-end generation.
Setting `pad_token_id` to `eos_token_id`:50256 for open-end generation.
Setting `pad_token_id` to `eos_token_id`:50256 for open-end generation.
Setting `pad_token_id` to `eos_token_id`:50256 for open-end generation.
Setting `pad_token_id` to `eos_token_id`:50256 for open-end generation.
Setting `pad_token_id` to `eos_token_id`:50256 for open-end generation.
Setting `pad_token_id` to `eos_token_id`:50256 for open-end generation.
Setting `pad_token_id` to `eos_token_id`:50256 for open-end generation.
Setting `pad_token_id` to `eos_token_id`:50256 for open-end generation.
Setting `pad_token_id` to `eos_token_id`:50256 for open-end generation.
Setting `pad_token_id` to `eos_token_id`:50256 for open-end generation.
Setting `pad_token_id` to `eos_token_id`:50256 for open-end generation.
Setting `pad_token_id` to `eos_token_id`:50256 for open-end generation.
Setting `pad_token_id` to `eos_token_id`:50256 for open-end generation.
Setting `pad_token_id` to `eos_token_id`:50256 for open-end generation.
Setting `pad_token_id` to `eos_token_id`:50256 for open-end generation.
Setting `pad_token_id` to `eos_token_id`:50256 for open-end generation.
Setting `pad_token_id` to `eos_token_id`:50256 for open-end generation.
Setting `pad_token_id` to `eos_token_id`:50256 for open-end generation.
Setting `pad_token_id` to `eos_token_id`:50256 for open-end generation.
Setting `pad_token_id` to `eos_token_id`:50256 for open-end generation.
Setting `pad_token_id` to `eos_token_id`:50256 for open-end generation.
Setting `pad_token_id` to `eos_token_id`:50256 for open-end generation.
Setting `pad_token_id` to `eos_token_id`:50256 for open-end generation.
Setting `pad_token_id` to `eos_token_id`:50256 for open-end generation.
Setting `pad_token_id` to `eos_token_id`:50256 for open-end generation.
Setting `pad_token_id` to `eos_token_id`:50256 for open-end generation.
Setting `pad_token_id` to `eos_token_id`:50256 for open-end generation.
Setting `pad_token_id` to `eos_token_id`:50256 for open-end generation.
Setting `pad_token_id` to `eos_token_id`:50256 for open-end generation.
Setting `pad_token_id` to `eos_token_id`:50256 for open-end generation.
Setting `pad_token_id` to `eos_token_id`:50256 for open-end generation.
Setting `pad_token_id` to `eos_token_id`:50256 for open-end generation.
Setting `pad_token_id` to `eos_token_id`:50256 for open-end generation.
Setting `pad_token_id` to `eos_token_id`:50256 for open-end generation.
Setting `pad_token_id` to `eos_token_id`:50256 for open-end generation.
Setting `pad_token_id` to `eos_token_id`:50256 for open-end generation.
Setting `pad_token_id` to `eos_token_id`:50256 for open-end generation.
Setting `pad_token_id` to `eos_token_id`:50256 for open-end generation.
Setting `pad_token_id` to `eos_token_id`:50256 for open-end generation.
Setting `pad_token_id` to `eos_token_id`:50256 for open-end generation.
Setting `pad_token_id` to `eos_token_id`:50256 for open-end generation.
Setting `pad_token_id` to `eos_token_id`:50256 for open-end generation.
Setting `pad_token_id` to `eos_token_id`:50256 for open-end generation.
Setting `pad_token_id` to `eos_token_id`:50256 for open-end generation.
Setting `pad_token_id` to `eos_token_id`:50256 for open-end generation.
Setting `pad_token_id` to `eos_token_id`:50256 for open-end generation.
Setting `pad_token_id` to `eos_token_id`:50256 for open-end generation.
Setting `pad_token_id` to `eos_token_id`:50256 for open-end generation.
Setting `pad_token_id` to `eos_token_id`:50256 for open-end generation.
Setting `pad_token_id` to `eos_token_id`:50256 for open-end generation.
Setting `pad_token_id` to `eos_token_id`:50256 for open-end generation.
Setting `pad_token_id` to `eos_token_id`:50256 for open-end generation.
Setting `pad_token_id` to `eos_token_id`:50256 for open-end generation.
Setting `pad_token_id` to `eos_token_id`:50256 for open-end generation.
Setting `pad_token_id` to `eos_token_id`:50256 for open-end generation.
Setting `pad_token_id` to `eos_token_id`:50256 for open-end generation.
Setting `pad_token_id` to `eos_token_id`:50256 for open-end generation.
Setting `pad_token_id` to `eos_token_id`:50256 for open-end generation.
Setting `pad_token_id` to `eos_token_id`:50256 for open-end generation.
Setting `pad_token_id` to `eos_token_id`:50256 for open-end generation.
Setting `pad_token_id` to `eos_token_id`:50256 for open-end generation.
Setting `pad_token_id` to `eos_token_id`:50256 for open-end generation.
Setting `pad_token_id` to `eos_token_id`:50256 for open-end generation.
Setting `pad_token_id` to `eos_token_id`:50256 for open-end generation.
Setting `pad_token_id` to `eos_token_id`:50256 for open-end generation.
Setting `pad_token_id` to `eos_token_id`:50256 for open-end generation.
Setting `pad_token_id` to `eos_token_id`:50256 for open-end generation.
Setting `pad_token_id` to `eos_token_id`:50256 for open-end generation.
Setting `pad_token_id` to `eos_token_id`:50256 for open-end generation.
Setting `pad_token_id` to `eos_token_id`:50256 for open-end generation.
Setting `pad_token_id` to `eos_token_id`:50256 for open-end generation.
Setting `pad_token_id` to `eos_token_id`:50256 for open-end generation.
Setting `pad_token_id` to `eos_token_id`:50256 for open-end generation.
Setting `pad_token_id` to `eos_token_id`:50256 for open-end generation.
Setting `pad_token_id` to `eos_token_id`:50256 for open-end generation.
Setting `pad_token_id` to `eos_token_id`:50256 for open-end generation.
Setting `pad_token_id` to `eos_token_id`:50256 for open-end generation.
Setting `pad_token_id` to `eos_token_id`:50256 for open-end generation.
Setting `pad_token_id` to `eos_token_id`:50256 for open-end generation.
Setting `pad_token_id` to `eos_token_id`:50256 for open-end generation.
Setting `pad_token_id` to `eos_token_id`:50256 for open-end generation.
Setting `pad_token_id` to `eos_token_id`:50256 for open-end generation.
Setting `pad_token_id` to `eos_token_id`:50256 for open-end generation.
Setting `pad_token_id` to `eos_token_id`:50256 for open-end generation.
Setting `pad_token_id` to `eos_token_id`:50256 for open-end generation.
Setting `pad_token_id` to `eos_token_id`:50256 for open-end generation.
Setting `pad_token_id` to `eos_token_id`:50256 for open-end generation.
Setting `pad_token_id` to `eos_token_id`:50256 for open-end generation.
Setting `pad_token_id` to `eos_token_id`:50256 for open-end generation.
Setting `pad_token_id` to `eos_token_id`:50256 for open-end generation.
Setting `pad_token_id` to `eos_token_id`:50256 for open-end generation.
Setting `pad_token_id` to `eos_token_id`:50256 for open-end generation.
Setting `pad_token_id` to `eos_token_id`:50256 for open-end generation.
Setting `pad_token_id` to `eos_token_id`:50256 for open-end generation.
Setting `pad_token_id` to `eos_token_id`:50256 for open-end generation.
Setting `pad_token_id` to `eos_token_id`:50256 for open-end generation.
Setting `pad_token_id` to `eos_token_id`:50256 for open-end generation.
Setting `pad_token_id` to `eos_token_id`:50256 for open-end generation.
Setting `pad_token_id` to `eos_token_id`:50256 for open-end generation.
Setting `pad_token_id` to `eos_token_id`:50256 for open-end generation.
Setting `pad_token_id` to `eos_token_id`:50256 for open-end generation.
Setting `pad_token_id` to `eos_token_id`:50256 for open-end generation.
Setting `pad_token_id` to `eos_token_id`:50256 for open-end generation.
Setting `pad_token_id` to `eos_token_id`:50256 for open-end generation.
Setting `pad_token_id` to `eos_token_id`:50256 for open-end generation.
Setting `pad_token_id` to `eos_token_id`:50256 for open-end generation.
Setting `pad_token_id` to `eos_token_id`:50256 for open-end generation.
Setting `pad_token_id` to `eos_token_id`:50256 for open-end generation.
Setting `pad_token_id` to `eos_token_id`:50256 for open-end generation.
Setting `pad_token_id` to `eos_token_id`:50256 for open-end generation.
Setting `pad_token_id` to `eos_token_id`:50256 for open-end generation.
Setting `pad_token_id` to `eos_token_id`:50256 for open-end generation.
Setting `pad_token_id` to `eos_token_id`:50256 for open-end generation.
Setting `pad_token_id` to `eos_token_id`:50256 for open-end generation.
Setting `pad_token_id` to `eos_token_id`:50256 for open-end generation.
Setting `pad_token_id` to `eos_token_id`:50256 for open-end generation.
Setting `pad_token_id` to `eos_token_id`:50256 for open-end generation.
Setting `pad_token_id` to `eos_token_id`:50256 for open-end generation.
Setting `pad_token_id` to `eos_token_id`:50256 for open-end generation.
Setting `pad_token_id` to `eos_token_id`:50256 for open-end generation.
Setting `pad_token_id` to `eos_token_id`:50256 for open-end generation.
Setting `pad_token_id` to `eos_token_id`:50256 for open-end generation.
Setting `pad_token_id` to `eos_token_id`:50256 for open-end generation.
Setting `pad_token_id` to `eos_token_id`:50256 for open-end generation.
Setting `pad_token_id` to `eos_token_id`:50256 for open-end generation.
Setting `pad_token_id` to `eos_token_id`:50256 for open-end generation.
Setting `pad_token_id` to `eos_token_id`:50256 for open-end generation.
Setting `pad_token_id` to `eos_token_id`:50256 for open-end generation.
Setting `pad_token_id` to `eos_token_id`:50256 for open-end generation.
Setting `pad_token_id` to `eos_token_id`:50256 for open-end generation.
Setting `pad_token_id` to `eos_token_id`:50256 for open-end generation.
Setting `pad_token_id` to `eos_token_id`:50256 for open-end generation.
Setting `pad_token_id` to `eos_token_id`:50256 for open-end generation.
Setting `pad_token_id` to `eos_token_id`:50256 for open-end generation.
Setting `pad_token_id` to `eos_token_id`:50256 for open-end generation.
Setting `pad_token_id` to `eos_token_id`:50256 for open-end generation.
Setting `pad_token_id` to `eos_token_id`:50256 for open-end generation.
Setting `pad_token_id` to `eos_token_id`:50256 for open-end generation.
Setting `pad_token_id` to `eos_token_id`:50256 for open-end generation.
Setting `pad_token_id` to `eos_token_id`:50256 for open-end generation.
Setting `pad_token_id` to `eos_token_id`:50256 for open-end generation.
Setting `pad_token_id` to `eos_token_id`:50256 for open-end generation.
Setting `pad_token_id` to `eos_token_id`:50256 for open-end generation.
Setting `pad_token_id` to `eos_token_id`:50256 for open-end generation.
Setting `pad_token_id` to `eos_token_id`:50256 for open-end generation.
Setting `pad_token_id` to `eos_token_id`:50256 for open-end generation.
Setting `pad_token_id` to `eos_token_id`:50256 for open-end generation.
Setting `pad_token_id` to `eos_token_id`:50256 for open-end generation.
Setting `pad_token_id` to `eos_token_id`:50256 for open-end generation.
Setting `pad_token_id` to `eos_token_id`:50256 for open-end generation.
Setting `pad_token_id` to `eos_token_id`:50256 for open-end generation.
Setting `pad_token_id` to `eos_token_id`:50256 for open-end generation.
Setting `pad_token_id` to `eos_token_id`:50256 for open-end generation.
Setting `pad_token_id` to `eos_token_id`:50256 for open-end generation.
Setting `pad_token_id` to `eos_token_id`:50256 for open-end generation.
Setting `pad_token_id` to `eos_token_id`:50256 for open-end generation.
Setting `pad_token_id` to `eos_token_id`:50256 for open-end generation.
Setting `pad_token_id` to `eos_token_id`:50256 for open-end generation.
Setting `pad_token_id` to `eos_token_id`:50256 for open-end generation.
Setting `pad_token_id` to `eos_token_id`:50256 for open-end generation.
Setting `pad_token_id` to `eos_token_id`:50256 for open-end generation.
Setting `pad_token_id` to `eos_token_id`:50256 for open-end generation.
Setting `pad_token_id` to `eos_token_id`:50256 for open-end generation.
Setting `pad_token_id` to `eos_token_id`:50256 for open-end generation.
Setting `pad_token_id` to `eos_token_id`:50256 for open-end generation.
Setting `pad_token_id` to `eos_token_id`:50256 for open-end generation.
Setting `pad_token_id` to `eos_token_id`:50256 for open-end generation.
Setting `pad_token_id` to `eos_token_id`:50256 for open-end generation.
Setting `pad_token_id` to `eos_token_id`:50256 for open-end generation.
Setting `pad_token_id` to `eos_token_id`:50256 for open-end generation.
Setting `pad_token_id` to `eos_token_id`:50256 for open-end generation.
Setting `pad_token_id` to `eos_token_id`:50256 for open-end generation.
Setting `pad_token_id` to `eos_token_id`:50256 for open-end generation.
Setting `pad_token_id` to `eos_token_id`:50256 for open-end generation.
Setting `pad_token_id` to `eos_token_id`:50256 for open-end generation.
Setting `pad_token_id` to `eos_token_id`:50256 for open-end generation.
Setting `pad_token_id` to `eos_token_id`:50256 for open-end generation.
Setting `pad_token_id` to `eos_token_id`:50256 for open-end generation.
Setting `pad_token_id` to `eos_token_id`:50256 for open-end generation.
Setting `pad_token_id` to `eos_token_id`:50256 for open-end generation.
Setting `pad_token_id` to `eos_token_id`:50256 for open-end generation.
Setting `pad_token_id` to `eos_token_id`:50256 for open-end generation.
Setting `pad_token_id` to `eos_token_id`:50256 for open-end generation.
Setting `pad_token_id` to `eos_token_id`:50256 for open-end generation.
Setting `pad_token_id` to `eos_token_id`:50256 for open-end generation.
Setting `pad_token_id` to `eos_token_id`:50256 for open-end generation.
Setting `pad_token_id` to `eos_token_id`:50256 for open-end generation.
Setting `pad_token_id` to `eos_token_id`:50256 for open-end generation.
Setting `pad_token_id` to `eos_token_id`:50256 for open-end generation.
Setting `pad_token_id` to `eos_token_id`:50256 for open-end generation.
Setting `pad_token_id` to `eos_token_id`:50256 for open-end generation.
Setting `pad_token_id` to `eos_token_id`:50256 for open-end generation.
Setting `pad_token_id` to `eos_token_id`:50256 for open-end generation.
Setting `pad_token_id` to `eos_token_id`:50256 for open-end generation.
Setting `pad_token_id` to `eos_token_id`:50256 for open-end generation.
Setting `pad_token_id` to `eos_token_id`:50256 for open-end generation.
Setting `pad_token_id` to `eos_token_id`:50256 for open-end generation.
Setting `pad_token_id` to `eos_token_id`:50256 for open-end generation.
Setting `pad_token_id` to `eos_token_id`:50256 for open-end generation.
Setting `pad_token_id` to `eos_token_id`:50256 for open-end generation.
Setting `pad_token_id` to `eos_token_id`:50256 for open-end generation.
Setting `pad_token_id` to `eos_token_id`:50256 for open-end generation.
Setting `pad_token_id` to `eos_token_id`:50256 for open-end generation.
Setting `pad_token_id` to `eos_token_id`:50256 for open-end generation.
Setting `pad_token_id` to `eos_token_id`:50256 for open-end generation.
Setting `pad_token_id` to `eos_token_id`:50256 for open-end generation.
Setting `pad_token_id` to `eos_token_id`:50256 for open-end generation.
Setting `pad_token_id` to `eos_token_id`:50256 for open-end generation.
Setting `pad_token_id` to `eos_token_id`:50256 for open-end generation.
Setting `pad_token_id` to `eos_token_id`:50256 for open-end generation.
Setting `pad_token_id` to `eos_token_id`:50256 for open-end generation.
Setting `pad_token_id` to `eos_token_id`:50256 for open-end generation.
Setting `pad_token_id` to `eos_token_id`:50256 for open-end generation.
Setting `pad_token_id` to `eos_token_id`:50256 for open-end generation.
Setting `pad_token_id` to `eos_token_id`:50256 for open-end generation.
Setting `pad_token_id` to `eos_token_id`:50256 for open-end generation.
Setting `pad_token_id` to `eos_token_id`:50256 for open-end generation.
Setting `pad_token_id` to `eos_token_id`:50256 for open-end generation.
Setting `pad_token_id` to `eos_token_id`:50256 for open-end generation.
Setting `pad_token_id` to `eos_token_id`:50256 for open-end generation.
Setting `pad_token_id` to `eos_token_id`:50256 for open-end generation.
Setting `pad_token_id` to `eos_token_id`:50256 for open-end generation.
Setting `pad_token_id` to `eos_token_id`:50256 for open-end generation.
Setting `pad_token_id` to `eos_token_id`:50256 for open-end generation.
Setting `pad_token_id` to `eos_token_id`:50256 for open-end generation.
Setting `pad_token_id` to `eos_token_id`:50256 for open-end generation.
Setting `pad_token_id` to `eos_token_id`:50256 for open-end generation.
Setting `pad_token_id` to `eos_token_id`:50256 for open-end generation.
Setting `pad_token_id` to `eos_token_id`:50256 for open-end generation.
Setting `pad_token_id` to `eos_token_id`:50256 for open-end generation.
Setting `pad_token_id` to `eos_token_id`:50256 for open-end generation.
Setting `pad_token_id` to `eos_token_id`:50256 for open-end generation.
Setting `pad_token_id` to `eos_token_id`:50256 for open-end generation.
Setting `pad_token_id` to `eos_token_id`:50256 for open-end generation.
Setting `pad_token_id` to `eos_token_id`:50256 for open-end generation.
Setting `pad_token_id` to `eos_token_id`:50256 for open-end generation.
Setting `pad_token_id` to `eos_token_id`:50256 for open-end generation.
Setting `pad_token_id` to `eos_token_id`:50256 for open-end generation.
Setting `pad_token_id` to `eos_token_id`:50256 for open-end generation.
Setting `pad_token_id` to `eos_token_id`:50256 for open-end generation.
Setting `pad_token_id` to `eos_token_id`:50256 for open-end generation.
Setting `pad_token_id` to `eos_token_id`:50256 for open-end generation.
Setting `pad_token_id` to `eos_token_id`:50256 for open-end generation.
Setting `pad_token_id` to `eos_token_id`:50256 for open-end generation.
Setting `pad_token_id` to `eos_token_id`:50256 for open-end generation.
Setting `pad_token_id` to `eos_token_id`:50256 for open-end generation.
Setting `pad_token_id` to `eos_token_id`:50256 for open-end generation.
Setting `pad_token_id` to `eos_token_id`:50256 for open-end generation.
Setting `pad_token_id` to `eos_token_id`:50256 for open-end generation.
Setting `pad_token_id` to `eos_token_id`:50256 for open-end generation.
Setting `pad_token_id` to `eos_token_id`:50256 for open-end generation.
Setting `pad_token_id` to `eos_token_id`:50256 for open-end generation.
Setting `pad_token_id` to `eos_token_id`:50256 for open-end generation.
Setting `pad_token_id` to `eos_token_id`:50256 for open-end generation.
Setting `pad_token_id` to `eos_token_id`:50256 for open-end generation.
Setting `pad_token_id` to `eos_token_id`:50256 for open-end generation.
Setting `pad_token_id` to `eos_token_id`:50256 for open-end generation.
Setting `pad_token_id` to `eos_token_id`:50256 for open-end generation.
Setting `pad_token_id` to `eos_token_id`:50256 for open-end generation.
Setting `pad_token_id` to `eos_token_id`:50256 for open-end generation.
Setting `pad_token_id` to `eos_token_id`:50256 for open-end generation.
Setting `pad_token_id` to `eos_token_id`:50256 for open-end generation.
Setting `pad_token_id` to `eos_token_id`:50256 for open-end generation.
Setting `pad_token_id` to `eos_token_id`:50256 for open-end generation.
Setting `pad_token_id` to `eos_token_id`:50256 for open-end generation.
Setting `pad_token_id` to `eos_token_id`:50256 for open-end generation.
Setting `pad_token_id` to `eos_token_id`:50256 for open-end generation.
Setting `pad_token_id` to `eos_token_id`:50256 for open-end generation.
Setting `pad_token_id` to `eos_token_id`:50256 for open-end generation.
Setting `pad_token_id` to `eos_token_id`:50256 for open-end generation.
Setting `pad_token_id` to `eos_token_id`:50256 for open-end generation.
Setting `pad_token_id` to `eos_token_id`:50256 for open-end generation.
Setting `pad_token_id` to `eos_token_id`:50256 for open-end generation.
Setting `pad_token_id` to `eos_token_id`:50256 for open-end generation.
Setting `pad_token_id` to `eos_token_id`:50256 for open-end generation.
Setting `pad_token_id` to `eos_token_id`:50256 for open-end generation.
Setting `pad_token_id` to `eos_token_id`:50256 for open-end generation.
Setting `pad_token_id` to `eos_token_id`:50256 for open-end generation.
Setting `pad_token_id` to `eos_token_id`:50256 for open-end generation.
Setting `pad_token_id` to `eos_token_id`:50256 for open-end generation.
Setting `pad_token_id` to `eos_token_id`:50256 for open-end generation.
Setting `pad_token_id` to `eos_token_id`:50256 for open-end generation.
Setting `pad_token_id` to `eos_token_id`:50256 for open-end generation.
Setting `pad_token_id` to `eos_token_id`:50256 for open-end generation.
Setting `pad_token_id` to `eos_token_id`:50256 for open-end generation.
Setting `pad_token_id` to `eos_token_id`:50256 for open-end generation.
Setting `pad_token_id` to `eos_token_id`:50256 for open-end generation.
Setting `pad_token_id` to `eos_token_id`:50256 for open-end generation.
Setting `pad_token_id` to `eos_token_id`:50256 for open-end generation.
Setting `pad_token_id` to `eos_token_id`:50256 for open-end generation.
Setting `pad_token_id` to `eos_token_id`:50256 for open-end generation.
Setting `pad_token_id` to `eos_token_id`:50256 for open-end generation.
Setting `pad_token_id` to `eos_token_id`:50256 for open-end generation.
Setting `pad_token_id` to `eos_token_id`:50256 for open-end generation.
Setting `pad_token_id` to `eos_token_id`:50256 for open-end generation.
Setting `pad_token_id` to `eos_token_id`:50256 for open-end generation.
Setting `pad_token_id` to `eos_token_id`:50256 for open-end generation.
Setting `pad_token_id` to `eos_token_id`:50256 for open-end generation.
Setting `pad_token_id` to `eos_token_id`:50256 for open-end generation.
Setting `pad_token_id` to `eos_token_id`:50256 for open-end generation.
Setting `pad_token_id` to `eos_token_id`:50256 for open-end generation.
Setting `pad_token_id` to `eos_token_id`:50256 for open-end generation.
Setting `pad_token_id` to `eos_token_id`:50256 for open-end generation.
Setting `pad_token_id` to `eos_token_id`:50256 for open-end generation.
Setting `pad_token_id` to `eos_token_id`:50256 for open-end generation.
Setting `pad_token_id` to `eos_token_id`:50256 for open-end generation.
Setting `pad_token_id` to `eos_token_id`:50256 for open-end generation.
Setting `pad_token_id` to `eos_token_id`:50256 for open-end generation.
Setting `pad_token_id` to `eos_token_id`:50256 for open-end generation.
Setting `pad_token_id` to `eos_token_id`:50256 for open-end generation.
Setting `pad_token_id` to `eos_token_id`:50256 for open-end generation.
Setting `pad_token_id` to `eos_token_id`:50256 for open-end generation.
Setting `pad_token_id` to `eos_token_id`:50256 for open-end generation.
Setting `pad_token_id` to `eos_token_id`:50256 for open-end generation.
Setting `pad_token_id` to `eos_token_id`:50256 for open-end generation.
Setting `pad_token_id` to `eos_token_id`:50256 for open-end generation.
Setting `pad_token_id` to `eos_token_id`:50256 for open-end generation.
Setting `pad_token_id` to `eos_token_id`:50256 for open-end generation.
Setting `pad_token_id` to `eos_token_id`:50256 for open-end generation.
Setting `pad_token_id` to `eos_token_id`:50256 for open-end generation.
Setting `pad_token_id` to `eos_token_id`:50256 for open-end generation.
Setting `pad_token_id` to `eos_token_id`:50256 for open-end generation.
Setting `pad_token_id` to `eos_token_id`:50256 for open-end generation.
Setting `pad_token_id` to `eos_token_id`:50256 for open-end generation.
Setting `pad_token_id` to `eos_token_id`:50256 for open-end generation.
Setting `pad_token_id` to `eos_token_id`:50256 for open-end generation.
Setting `pad_token_id` to `eos_token_id`:50256 for open-end generation.
Setting `pad_token_id` to `eos_token_id`:50256 for open-end generation.
Setting `pad_token_id` to `eos_token_id`:50256 for open-end generation.
Setting `pad_token_id` to `eos_token_id`:50256 for open-end generation.
Setting `pad_token_id` to `eos_token_id`:50256 for open-end generation.
Setting `pad_token_id` to `eos_token_id`:50256 for open-end generation.
Setting `pad_token_id` to `eos_token_id`:50256 for open-end generation.
Setting `pad_token_id` to `eos_token_id`:50256 for open-end generation.
Setting `pad_token_id` to `eos_token_id`:50256 for open-end generation.
Setting `pad_token_id` to `eos_token_id`:50256 for open-end generation.
Setting `pad_token_id` to `eos_token_id`:50256 for open-end generation.
Setting `pad_token_id` to `eos_token_id`:50256 for open-end generation.
Setting `pad_token_id` to `eos_token_id`:50256 for open-end generation.
Setting `pad_token_id` to `eos_token_id`:50256 for open-end generation.
Setting `pad_token_id` to `eos_token_id`:50256 for open-end generation.
Setting `pad_token_id` to `eos_token_id`:50256 for open-end generation.
Setting `pad_token_id` to `eos_token_id`:50256 for open-end generation.
Setting `pad_token_id` to `eos_token_id`:50256 for open-end generation.
Setting `pad_token_id` to `eos_token_id`:50256 for open-end generation.
Setting `pad_token_id` to `eos_token_id`:50256 for open-end generation.
Setting `pad_token_id` to `eos_token_id`:50256 for open-end generation.
Setting `pad_token_id` to `eos_token_id`:50256 for open-end generation.
Setting `pad_token_id` to `eos_token_id`:50256 for open-end generation.
Setting `pad_token_id` to `eos_token_id`:50256 for open-end generation.
Setting `pad_token_id` to `eos_token_id`:50256 for open-end generation.
Setting `pad_token_id` to `eos_token_id`:50256 for open-end generation.
Setting `pad_token_id` to `eos_token_id`:50256 for open-end generation.
Setting `pad_token_id` to `eos_token_id`:50256 for open-end generation.
Setting `pad_token_id` to `eos_token_id`:50256 for open-end generation.
Setting `pad_token_id` to `eos_token_id`:50256 for open-end generation.
Setting `pad_token_id` to `eos_token_id`:50256 for open-end generation.
Setting `pad_token_id` to `eos_token_id`:50256 for open-end generation.
Setting `pad_token_id` to `eos_token_id`:50256 for open-end generation.
Setting `pad_token_id` to `eos_token_id`:50256 for open-end generation.
Setting `pad_token_id` to `eos_token_id`:50256 for open-end generation.
Setting `pad_token_id` to `eos_token_id`:50256 for open-end generation.
Setting `pad_token_id` to `eos_token_id`:50256 for open-end generation.
Setting `pad_token_id` to `eos_token_id`:50256 for open-end generation.
Setting `pad_token_id` to `eos_token_id`:50256 for open-end generation.
Setting `pad_token_id` to `eos_token_id`:50256 for open-end generation.
Setting `pad_token_id` to `eos_token_id`:50256 for open-end generation.
Setting `pad_token_id` to `eos_token_id`:50256 for open-end generation.
Setting `pad_token_id` to `eos_token_id`:50256 for open-end generation.
Setting `pad_token_id` to `eos_token_id`:50256 for open-end generation.
Setting `pad_token_id` to `eos_token_id`:50256 for open-end generation.
Setting `pad_token_id` to `eos_token_id`:50256 for open-end generation.
Setting `pad_token_id` to `eos_token_id`:50256 for open-end generation.
Setting `pad_token_id` to `eos_token_id`:50256 for open-end generation.
Setting `pad_token_id` to `eos_token_id`:50256 for open-end generation.
Setting `pad_token_id` to `eos_token_id`:50256 for open-end generation.
Setting `pad_token_id` to `eos_token_id`:50256 for open-end generation.
Setting `pad_token_id` to `eos_token_id`:50256 for open-end generation.
Setting `pad_token_id` to `eos_token_id`:50256 for open-end generation.
Setting `pad_token_id` to `eos_token_id`:50256 for open-end generation.
Setting `pad_token_id` to `eos_token_id`:50256 for open-end generation.
Setting `pad_token_id` to `eos_token_id`:50256 for open-end generation.
Setting `pad_token_id` to `eos_token_id`:50256 for open-end generation.
Setting `pad_token_id` to `eos_token_id`:50256 for open-end generation.
Setting `pad_token_id` to `eos_token_id`:50256 for open-end generation.
Setting `pad_token_id` to `eos_token_id`:50256 for open-end generation.
Setting `pad_token_id` to `eos_token_id`:50256 for open-end generation.
Setting `pad_token_id` to `eos_token_id`:50256 for open-end generation.
Setting `pad_token_id` to `eos_token_id`:50256 for open-end generation.
Setting `pad_token_id` to `eos_token_id`:50256 for open-end generation.
Setting `pad_token_id` to `eos_token_id`:50256 for open-end generation.
Setting `pad_token_id` to `eos_token_id`:50256 for open-end generation.
Setting `pad_token_id` to `eos_token_id`:50256 for open-end generation.
Setting `pad_token_id` to `eos_token_id`:50256 for open-end generation.
Setting `pad_token_id` to `eos_token_id`:50256 for open-end generation.
Setting `pad_token_id` to `eos_token_id`:50256 for open-end generation.
Setting `pad_token_id` to `eos_token_id`:50256 for open-end generation.
Setting `pad_token_id` to `eos_token_id`:50256 for open-end generation.
Setting `pad_token_id` to `eos_token_id`:50256 for open-end generation.
Setting `pad_token_id` to `eos_token_id`:50256 for open-end generation.
Setting `pad_token_id` to `eos_token_id`:50256 for open-end generation.
Setting `pad_token_id` to `eos_token_id`:50256 for open-end generation.
Setting `pad_token_id` to `eos_token_id`:50256 for open-end generation.
Setting `pad_token_id` to `eos_token_id`:50256 for open-end generation.
Setting `pad_token_id` to `eos_token_id`:50256 for open-end generation.
Setting `pad_token_id` to `eos_token_id`:50256 for open-end generation.
Setting `pad_token_id` to `eos_token_id`:50256 for open-end generation.
Setting `pad_token_id` to `eos_token_id`:50256 for open-end generation.
Setting `pad_token_id` to `eos_token_id`:50256 for open-end generation.
Setting `pad_token_id` to `eos_token_id`:50256 for open-end generation.
Setting `pad_token_id` to `eos_token_id`:50256 for open-end generation.
Setting `pad_token_id` to `eos_token_id`:50256 for open-end generation.
Setting `pad_token_id` to `eos_token_id`:50256 for open-end generation.
Setting `pad_token_id` to `eos_token_id`:50256 for open-end generation.
Setting `pad_token_id` to `eos_token_id`:50256 for open-end generation.
Setting `pad_token_id` to `eos_token_id`:50256 for open-end generation.
Setting `pad_token_id` to `eos_token_id`:50256 for open-end generation.
Setting `pad_token_id` to `eos_token_id`:50256 for open-end generation.
Setting `pad_token_id` to `eos_token_id`:50256 for open-end generation.
Setting `pad_token_id` to `eos_token_id`:50256 for open-end generation.
Setting `pad_token_id` to `eos_token_id`:50256 for open-end generation.
Setting `pad_token_id` to `eos_token_id`:50256 for open-end generation.
Setting `pad_token_id` to `eos_token_id`:50256 for open-end generation.
Setting `pad_token_id` to `eos_token_id`:50256 for open-end generation.
Setting `pad_token_id` to `eos_token_id`:50256 for open-end generation.
Setting `pad_token_id` to `eos_token_id`:50256 for open-end generation.
Setting `pad_token_id` to `eos_token_id`:50256 for open-end generation.
Setting `pad_token_id` to `eos_token_id`:50256 for open-end generation.
Setting `pad_token_id` to `eos_token_id`:50256 for open-end generation.
Setting `pad_token_id` to `eos_token_id`:50256 for open-end generation.
Setting `pad_token_id` to `eos_token_id`:50256 for open-end generation.
Setting `pad_token_id` to `eos_token_id`:50256 for open-end generation.
Setting `pad_token_id` to `eos_token_id`:50256 for open-end generation.
Setting `pad_token_id` to `eos_token_id`:50256 for open-end generation.
Setting `pad_token_id` to `eos_token_id`:50256 for open-end generation.
Setting `pad_token_id` to `eos_token_id`:50256 for open-end generation.
Setting `pad_token_id` to `eos_token_id`:50256 for open-end generation.
Setting `pad_token_id` to `eos_token_id`:50256 for open-end generation.
Setting `pad_token_id` to `eos_token_id`:50256 for open-end generation.
Setting `pad_token_id` to `eos_token_id`:50256 for open-end generation.
Setting `pad_token_id` to `eos_token_id`:50256 for open-end generation.
Setting `pad_token_id` to `eos_token_id`:50256 for open-end generation.
Setting `pad_token_id` to `eos_token_id`:50256 for open-end generation.
Setting `pad_token_id` to `eos_token_id`:50256 for open-end generation.
Setting `pad_token_id` to `eos_token_id`:50256 for open-end generation.
Setting `pad_token_id` to `eos_token_id`:50256 for open-end generation.
Setting `pad_token_id` to `eos_token_id`:50256 for open-end generation.
Setting `pad_token_id` to `eos_token_id`:50256 for open-end generation.
Setting `pad_token_id` to `eos_token_id`:50256 for open-end generation.
Setting `pad_token_id` to `eos_token_id`:50256 for open-end generation.
Setting `pad_token_id` to `eos_token_id`:50256 for open-end generation.
Setting `pad_token_id` to `eos_token_id`:50256 for open-end generation.
Setting `pad_token_id` to `eos_token_id`:50256 for open-end generation.
Setting `pad_token_id` to `eos_token_id`:50256 for open-end generation.
Setting `pad_token_id` to `eos_token_id`:50256 for open-end generation.
Setting `pad_token_id` to `eos_token_id`:50256 for open-end generation.
Setting `pad_token_id` to `eos_token_id`:50256 for open-end generation.
Setting `pad_token_id` to `eos_token_id`:50256 for open-end generation.
Setting `pad_token_id` to `eos_token_id`:50256 for open-end generation.
Setting `pad_token_id` to `eos_token_id`:50256 for open-end generation.
Setting `pad_token_id` to `eos_token_id`:50256 for open-end generation.
Setting `pad_token_id` to `eos_token_id`:50256 for open-end generation.
Setting `pad_token_id` to `eos_token_id`:50256 for open-end generation.
Setting `pad_token_id` to `eos_token_id`:50256 for open-end generation.
Setting `pad_token_id` to `eos_token_id`:50256 for open-end generation.
Setting `pad_token_id` to `eos_token_id`:50256 for open-end generation.
Setting `pad_token_id` to `eos_token_id`:50256 for open-end generation.
Setting `pad_token_id` to `eos_token_id`:50256 for open-end generation.
Setting `pad_token_id` to `eos_token_id`:50256 for open-end generation.
Setting `pad_token_id` to `eos_token_id`:50256 for open-end generation.
Setting `pad_token_id` to `eos_token_id`:50256 for open-end generation.
Setting `pad_token_id` to `eos_token_id`:50256 for open-end generation.
Setting `pad_token_id` to `eos_token_id`:50256 for open-end generation.
Setting `pad_token_id` to `eos_token_id`:50256 for open-end generation.
Setting `pad_token_id` to `eos_token_id`:50256 for open-end generation.
Setting `pad_token_id` to `eos_token_id`:50256 for open-end generation.
Setting `pad_token_id` to `eos_token_id`:50256 for open-end generation.
Setting `pad_token_id` to `eos_token_id`:50256 for open-end generation.
Setting `pad_token_id` to `eos_token_id`:50256 for open-end generation.
Setting `pad_token_id` to `eos_token_id`:50256 for open-end generation.
Setting `pad_token_id` to `eos_token_id`:50256 for open-end generation.
Setting `pad_token_id` to `eos_token_id`:50256 for open-end generation.
Setting `pad_token_id` to `eos_token_id`:50256 for open-end generation.
Setting `pad_token_id` to `eos_token_id`:50256 for open-end generation.
Setting `pad_token_id` to `eos_token_id`:50256 for open-end generation.
Setting `pad_token_id` to `eos_token_id`:50256 for open-end generation.
Setting `pad_token_id` to `eos_token_id`:50256 for open-end generation.
Setting `pad_token_id` to `eos_token_id`:50256 for open-end generation.
Setting `pad_token_id` to `eos_token_id`:50256 for open-end generation.
Setting `pad_token_id` to `eos_token_id`:50256 for open-end generation.
Setting `pad_token_id` to `eos_token_id`:50256 for open-end generation.
Setting `pad_token_id` to `eos_token_id`:50256 for open-end generation.
Setting `pad_token_id` to `eos_token_id`:50256 for open-end generation.
Setting `pad_token_id` to `eos_token_id`:50256 for open-end generation.
Setting `pad_token_id` to `eos_token_id`:50256 for open-end generation.
Setting `pad_token_id` to `eos_token_id`:50256 for open-end generation.
Setting `pad_token_id` to `eos_token_id`:50256 for open-end generation.
Setting `pad_token_id` to `eos_token_id`:50256 for open-end generation.
Setting `pad_token_id` to `eos_token_id`:50256 for open-end generation.
Setting `pad_token_id` to `eos_token_id`:50256 for open-end generation.
Setting `pad_token_id` to `eos_token_id`:50256 for open-end generation.
Setting `pad_token_id` to `eos_token_id`:50256 for open-end generation.
Setting `pad_token_id` to `eos_token_id`:50256 for open-end generation.
Setting `pad_token_id` to `eos_token_id`:50256 for open-end generation.
Setting `pad_token_id` to `eos_token_id`:50256 for open-end generation.
Setting `pad_token_id` to `eos_token_id`:50256 for open-end generation.
Setting `pad_token_id` to `eos_token_id`:50256 for open-end generation.
Setting `pad_token_id` to `eos_token_id`:50256 for open-end generation.
Setting `pad_token_id` to `eos_token_id`:50256 for open-end generation.
Setting `pad_token_id` to `eos_token_id`:50256 for open-end generation.
Setting `pad_token_id` to `eos_token_id`:50256 for open-end generation.
Setting `pad_token_id` to `eos_token_id`:50256 for open-end generation.
Setting `pad_token_id` to `eos_token_id`:50256 for open-end generation.
Setting `pad_token_id` to `eos_token_id`:50256 for open-end generation.
Setting `pad_token_id` to `eos_token_id`:50256 for open-end generation.
Setting `pad_token_id` to `eos_token_id`:50256 for open-end generation.
Traceback (most recent call last):
  File "/ocean/projects/cis230007p/palavall/DataContaminationResearch/falcon_experiment1.py", line 25, in <module>
    sequences = pipeline(
  File "/jet/home/palavall/.conda/envs/mpalaval-research/lib/python3.10/site-packages/transformers/pipelines/text_generation.py", line 205, in __call__
    return super().__call__(text_inputs, **kwargs)
  File "/jet/home/palavall/.conda/envs/mpalaval-research/lib/python3.10/site-packages/transformers/pipelines/base.py", line 1140, in __call__
    return self.run_single(inputs, preprocess_params, forward_params, postprocess_params)
  File "/jet/home/palavall/.conda/envs/mpalaval-research/lib/python3.10/site-packages/transformers/pipelines/base.py", line 1147, in run_single
    model_outputs = self.forward(model_inputs, **forward_params)
  File "/jet/home/palavall/.conda/envs/mpalaval-research/lib/python3.10/site-packages/transformers/pipelines/base.py", line 1046, in forward
    model_outputs = self._forward(model_inputs, **forward_params)
  File "/jet/home/palavall/.conda/envs/mpalaval-research/lib/python3.10/site-packages/transformers/pipelines/text_generation.py", line 268, in _forward
    generated_sequence = self.model.generate(input_ids=input_ids, attention_mask=attention_mask, **generate_kwargs)
  File "/jet/home/palavall/.conda/envs/mpalaval-research/lib/python3.10/site-packages/torch/utils/_contextlib.py", line 115, in decorate_context
    return func(*args, **kwargs)
  File "/jet/home/palavall/.conda/envs/mpalaval-research/lib/python3.10/site-packages/transformers/generation/utils.py", line 1648, in generate
    return self.sample(
  File "/jet/home/palavall/.conda/envs/mpalaval-research/lib/python3.10/site-packages/transformers/generation/utils.py", line 2730, in sample
    outputs = self(
  File "/jet/home/palavall/.conda/envs/mpalaval-research/lib/python3.10/site-packages/torch/nn/modules/module.py", line 1501, in _call_impl
    return forward_call(*args, **kwargs)
  File "/jet/home/palavall/.conda/envs/mpalaval-research/lib/python3.10/site-packages/transformers/models/falcon/modeling_falcon.py", line 1031, in forward
    transformer_outputs = self.transformer(
  File "/jet/home/palavall/.conda/envs/mpalaval-research/lib/python3.10/site-packages/torch/nn/modules/module.py", line 1501, in _call_impl
    return forward_call(*args, **kwargs)
  File "/jet/home/palavall/.conda/envs/mpalaval-research/lib/python3.10/site-packages/transformers/models/falcon/modeling_falcon.py", line 928, in forward
    outputs = block(
  File "/jet/home/palavall/.conda/envs/mpalaval-research/lib/python3.10/site-packages/torch/nn/modules/module.py", line 1501, in _call_impl
    return forward_call(*args, **kwargs)
  File "/jet/home/palavall/.conda/envs/mpalaval-research/lib/python3.10/site-packages/transformers/models/falcon/modeling_falcon.py", line 553, in forward
    attn_outputs = self.self_attention(
  File "/jet/home/palavall/.conda/envs/mpalaval-research/lib/python3.10/site-packages/torch/nn/modules/module.py", line 1501, in _call_impl
    return forward_call(*args, **kwargs)
  File "/jet/home/palavall/.conda/envs/mpalaval-research/lib/python3.10/site-packages/transformers/models/falcon/modeling_falcon.py", line 474, in forward
    attention_probs = F.softmax(attention_logits + attention_mask_float, dim=-1, dtype=hidden_states.dtype)
  File "/jet/home/palavall/.conda/envs/mpalaval-research/lib/python3.10/site-packages/torch/nn/functional.py", line 1845, in softmax
    ret = input.softmax(dim, dtype=dtype)
torch.cuda.OutOfMemoryError: CUDA out of memory. Tried to allocate 1.22 GiB (GPU 0; 15.77 GiB total capacity; 12.50 GiB already allocated; 1.03 GiB free; 13.87 GiB reserved in total by PyTorch) If reserved memory is >> allocated memory try setting max_split_size_mb to avoid fragmentation.  See documentation for Memory Management and PYTORCH_CUDA_ALLOC_CONF
